<?xml version="1.0" encoding="UTF-8"?>
<testsuites>
  <testsuite name="" tests="46" assertions="66" errors="6" warnings="0" failures="3" skipped="0" time="8.045026">
    <testsuite name="Unit" tests="1" assertions="1" errors="0" warnings="0" failures="0" skipped="0" time="0.003702">
      <testsuite name="Tests\Unit\ExampleTest" file="C:\xampp\htdocs\mercatodo\tests\Unit\ExampleTest.php" tests="1" assertions="1" errors="0" warnings="0" failures="0" skipped="0" time="0.003702">
        <testcase name="test_example" class="Tests\Unit\ExampleTest" classname="Tests.Unit.ExampleTest" file="C:\xampp\htdocs\mercatodo\tests\Unit\ExampleTest.php" line="14" assertions="1" time="0.003702"/>
      </testsuite>
    </testsuite>
    <testsuite name="Feature" tests="45" assertions="65" errors="6" warnings="0" failures="3" skipped="0" time="8.041324">
      <testsuite name="Actions\ProductStatusTest" file="C:\xampp\htdocs\mercatodo\tests\Feature\Actions\ProductStatusTest.php" tests="2" assertions="0" errors="2" warnings="0" failures="0" skipped="0" time="1.684989">
        <testcase name="test_it_can_change_product_status_to_desabled" class="Actions\ProductStatusTest" classname="Actions.ProductStatusTest" file="C:\xampp\htdocs\mercatodo\tests\Feature\Actions\ProductStatusTest.php" line="20" assertions="0" time="1.549020">
          <error type="Illuminate\Database\QueryException">Actions\ProductStatusTest::test_it_can_change_product_status_to_desabled
Illuminate\Database\QueryException: SQLSTATE[HY000]: General error: 1364 Field 'storage' doesn't have a default value (SQL: insert into `products` (`name`, `price`, `description`, `image`, `updated_at`, `created_at`) values (eum fugit, 1, ut optio aut fuga omnis, C:\Users\Anderson\AppData\Local\Temp\php4449.tmp, 2022-03-24 23:01:38, 2022-03-24 23:01:38))

C:\xampp\htdocs\mercatodo\vendor\laravel\framework\src\Illuminate\Database\Connection.php:712
C:\xampp\htdocs\mercatodo\vendor\laravel\framework\src\Illuminate\Database\Connection.php:672
C:\xampp\htdocs\mercatodo\vendor\laravel\framework\src\Illuminate\Database\Connection.php:502
C:\xampp\htdocs\mercatodo\vendor\laravel\framework\src\Illuminate\Database\Connection.php:454
C:\xampp\htdocs\mercatodo\vendor\laravel\framework\src\Illuminate\Database\Query\Processors\Processor.php:32
C:\xampp\htdocs\mercatodo\vendor\laravel\framework\src\Illuminate\Database\Query\Builder.php:3028
C:\xampp\htdocs\mercatodo\vendor\laravel\framework\src\Illuminate\Database\Eloquent\Builder.php:1657
C:\xampp\htdocs\mercatodo\vendor\laravel\framework\src\Illuminate\Database\Eloquent\Model.php:1188
C:\xampp\htdocs\mercatodo\vendor\laravel\framework\src\Illuminate\Database\Eloquent\Model.php:1153
C:\xampp\htdocs\mercatodo\vendor\laravel\framework\src\Illuminate\Database\Eloquent\Model.php:994
C:\xampp\htdocs\mercatodo\vendor\laravel\framework\src\Illuminate\Database\Eloquent\Factories\Factory.php:314
C:\xampp\htdocs\mercatodo\vendor\laravel\framework\src\Illuminate\Collections\Traits\EnumeratesValues.php:244
C:\xampp\htdocs\mercatodo\vendor\laravel\framework\src\Illuminate\Database\Eloquent\Factories\Factory.php:317
C:\xampp\htdocs\mercatodo\vendor\laravel\framework\src\Illuminate\Database\Eloquent\Factories\Factory.php:261
C:\xampp\htdocs\mercatodo\tests\Feature\Actions\ProductStatusTest.php:22</error>
        </testcase>
        <testcase name="test_it_can_change_product_status_to_enabled" class="Actions\ProductStatusTest" classname="Actions.ProductStatusTest" file="C:\xampp\htdocs\mercatodo\tests\Feature\Actions\ProductStatusTest.php" line="29" assertions="0" time="0.135969">
          <error type="Illuminate\Database\QueryException">Actions\ProductStatusTest::test_it_can_change_product_status_to_enabled
Illuminate\Database\QueryException: SQLSTATE[HY000]: General error: 1364 Field 'storage' doesn't have a default value (SQL: insert into `products` (`name`, `price`, `description`, `image`, `updated_at`, `created_at`) values (deserunt fugit, 9, autem distinctio nam quo quis, C:\Users\Anderson\AppData\Local\Temp\php44F6.tmp, 2022-03-24 23:01:38, 2022-03-24 23:01:38))

C:\xampp\htdocs\mercatodo\vendor\laravel\framework\src\Illuminate\Database\Connection.php:712
C:\xampp\htdocs\mercatodo\vendor\laravel\framework\src\Illuminate\Database\Connection.php:672
C:\xampp\htdocs\mercatodo\vendor\laravel\framework\src\Illuminate\Database\Connection.php:502
C:\xampp\htdocs\mercatodo\vendor\laravel\framework\src\Illuminate\Database\Connection.php:454
C:\xampp\htdocs\mercatodo\vendor\laravel\framework\src\Illuminate\Database\Query\Processors\Processor.php:32
C:\xampp\htdocs\mercatodo\vendor\laravel\framework\src\Illuminate\Database\Query\Builder.php:3028
C:\xampp\htdocs\mercatodo\vendor\laravel\framework\src\Illuminate\Database\Eloquent\Builder.php:1657
C:\xampp\htdocs\mercatodo\vendor\laravel\framework\src\Illuminate\Database\Eloquent\Model.php:1188
C:\xampp\htdocs\mercatodo\vendor\laravel\framework\src\Illuminate\Database\Eloquent\Model.php:1153
C:\xampp\htdocs\mercatodo\vendor\laravel\framework\src\Illuminate\Database\Eloquent\Model.php:994
C:\xampp\htdocs\mercatodo\vendor\laravel\framework\src\Illuminate\Database\Eloquent\Factories\Factory.php:314
C:\xampp\htdocs\mercatodo\vendor\laravel\framework\src\Illuminate\Collections\Traits\EnumeratesValues.php:244
C:\xampp\htdocs\mercatodo\vendor\laravel\framework\src\Illuminate\Database\Eloquent\Factories\Factory.php:317
C:\xampp\htdocs\mercatodo\vendor\laravel\framework\src\Illuminate\Database\Eloquent\Factories\Factory.php:261
C:\xampp\htdocs\mercatodo\tests\Feature\Actions\ProductStatusTest.php:31</error>
        </testcase>
      </testsuite>
      <testsuite name="Tests\Feature\Admin\Actions\ChangeUserStatusTest" file="C:\xampp\htdocs\mercatodo\tests\Feature\Actions\UserStatusTest.php" tests="2" assertions="2" errors="0" warnings="0" failures="0" skipped="0" time="0.402057">
        <testcase name="test_it_can_change_user_status_to_disabled" class="Tests\Feature\Admin\Actions\ChangeUserStatusTest" classname="Tests.Feature.Admin.Actions.ChangeUserStatusTest" file="C:\xampp\htdocs\mercatodo\tests\Feature\Actions\UserStatusTest.php" line="20" assertions="1" time="0.218378"/>
        <testcase name="test_it_can_change_user_status_to_enabled" class="Tests\Feature\Admin\Actions\ChangeUserStatusTest" classname="Tests.Feature.Admin.Actions.ChangeUserStatusTest" file="C:\xampp\htdocs\mercatodo\tests\Feature\Actions\UserStatusTest.php" line="29" assertions="1" time="0.183679"/>
      </testsuite>
      <testsuite name="Tests\Feature\Admin\Products\CreateProductTest" file="C:\xampp\htdocs\mercatodo\tests\Feature\Admin\Products\CreateProductTest.php" tests="1" assertions="1" errors="0" warnings="0" failures="0" skipped="0" time="0.178592">
        <testcase name="test_it_can_access_to_the_creation_route" class="Tests\Feature\Admin\Products\CreateProductTest" classname="Tests.Feature.Admin.Products.CreateProductTest" file="C:\xampp\htdocs\mercatodo\tests\Feature\Admin\Products\CreateProductTest.php" line="19" assertions="1" time="0.178592"/>
      </testsuite>
      <testsuite name="Tests\Feature\Admin\Products\DestroyProductTest" file="C:\xampp\htdocs\mercatodo\tests\Feature\Admin\Products\DestroyProductTest.php" tests="1" assertions="0" errors="1" warnings="0" failures="0" skipped="0" time="0.148030">
        <testcase name="test_it_can_delete_products" class="Tests\Feature\Admin\Products\DestroyProductTest" classname="Tests.Feature.Admin.Products.DestroyProductTest" file="C:\xampp\htdocs\mercatodo\tests\Feature\Admin\Products\DestroyProductTest.php" line="21" assertions="0" time="0.148030">
          <error type="Illuminate\Database\QueryException">Tests\Feature\Admin\Products\DestroyProductTest::test_it_can_delete_products
Illuminate\Database\QueryException: SQLSTATE[HY000]: General error: 1364 Field 'storage' doesn't have a default value (SQL: insert into `products` (`name`, `price`, `description`, `image`, `updated_at`, `created_at`) values (quia non, 1, magnam omnis consequatur veritatis ratione, C:\Users\Anderson\AppData\Local\Temp\php47D5.tmp, 2022-03-24 23:01:39, 2022-03-24 23:01:39))

C:\xampp\htdocs\mercatodo\vendor\laravel\framework\src\Illuminate\Database\Connection.php:712
C:\xampp\htdocs\mercatodo\vendor\laravel\framework\src\Illuminate\Database\Connection.php:672
C:\xampp\htdocs\mercatodo\vendor\laravel\framework\src\Illuminate\Database\Connection.php:502
C:\xampp\htdocs\mercatodo\vendor\laravel\framework\src\Illuminate\Database\Connection.php:454
C:\xampp\htdocs\mercatodo\vendor\laravel\framework\src\Illuminate\Database\Query\Processors\Processor.php:32
C:\xampp\htdocs\mercatodo\vendor\laravel\framework\src\Illuminate\Database\Query\Builder.php:3028
C:\xampp\htdocs\mercatodo\vendor\laravel\framework\src\Illuminate\Database\Eloquent\Builder.php:1657
C:\xampp\htdocs\mercatodo\vendor\laravel\framework\src\Illuminate\Database\Eloquent\Model.php:1188
C:\xampp\htdocs\mercatodo\vendor\laravel\framework\src\Illuminate\Database\Eloquent\Model.php:1153
C:\xampp\htdocs\mercatodo\vendor\laravel\framework\src\Illuminate\Database\Eloquent\Model.php:994
C:\xampp\htdocs\mercatodo\vendor\laravel\framework\src\Illuminate\Database\Eloquent\Factories\Factory.php:314
C:\xampp\htdocs\mercatodo\vendor\laravel\framework\src\Illuminate\Collections\Traits\EnumeratesValues.php:244
C:\xampp\htdocs\mercatodo\vendor\laravel\framework\src\Illuminate\Database\Eloquent\Factories\Factory.php:317
C:\xampp\htdocs\mercatodo\vendor\laravel\framework\src\Illuminate\Database\Eloquent\Factories\Factory.php:261
C:\xampp\htdocs\mercatodo\tests\Feature\Admin\Products\DestroyProductTest.php:23</error>
        </testcase>
      </testsuite>
      <testsuite name="Tests\Feature\Admin\Products\EditProductTest" file="C:\xampp\htdocs\mercatodo\tests\Feature\Admin\Products\EditProductTest.php" tests="1" assertions="0" errors="1" warnings="0" failures="0" skipped="0" time="0.143590">
        <testcase name="test_it_can_edit_product" class="Tests\Feature\Admin\Products\EditProductTest" classname="Tests.Feature.Admin.Products.EditProductTest" file="C:\xampp\htdocs\mercatodo\tests\Feature\Admin\Products\EditProductTest.php" line="19" assertions="0" time="0.143590">
          <error type="Illuminate\Database\QueryException">Tests\Feature\Admin\Products\EditProductTest::test_it_can_edit_product
Illuminate\Database\QueryException: SQLSTATE[HY000]: General error: 1364 Field 'storage' doesn't have a default value (SQL: insert into `products` (`name`, `price`, `description`, `image`, `updated_at`, `created_at`) values (omnis quibusdam, 7, aut et alias excepturi voluptas, C:\Users\Anderson\AppData\Local\Temp\php4872.tmp, 2022-03-24 23:01:39, 2022-03-24 23:01:39))

C:\xampp\htdocs\mercatodo\vendor\laravel\framework\src\Illuminate\Database\Connection.php:712
C:\xampp\htdocs\mercatodo\vendor\laravel\framework\src\Illuminate\Database\Connection.php:672
C:\xampp\htdocs\mercatodo\vendor\laravel\framework\src\Illuminate\Database\Connection.php:502
C:\xampp\htdocs\mercatodo\vendor\laravel\framework\src\Illuminate\Database\Connection.php:454
C:\xampp\htdocs\mercatodo\vendor\laravel\framework\src\Illuminate\Database\Query\Processors\Processor.php:32
C:\xampp\htdocs\mercatodo\vendor\laravel\framework\src\Illuminate\Database\Query\Builder.php:3028
C:\xampp\htdocs\mercatodo\vendor\laravel\framework\src\Illuminate\Database\Eloquent\Builder.php:1657
C:\xampp\htdocs\mercatodo\vendor\laravel\framework\src\Illuminate\Database\Eloquent\Model.php:1188
C:\xampp\htdocs\mercatodo\vendor\laravel\framework\src\Illuminate\Database\Eloquent\Model.php:1153
C:\xampp\htdocs\mercatodo\vendor\laravel\framework\src\Illuminate\Database\Eloquent\Model.php:994
C:\xampp\htdocs\mercatodo\vendor\laravel\framework\src\Illuminate\Database\Eloquent\Factories\Factory.php:314
C:\xampp\htdocs\mercatodo\vendor\laravel\framework\src\Illuminate\Collections\Traits\EnumeratesValues.php:244
C:\xampp\htdocs\mercatodo\vendor\laravel\framework\src\Illuminate\Database\Eloquent\Factories\Factory.php:317
C:\xampp\htdocs\mercatodo\vendor\laravel\framework\src\Illuminate\Database\Eloquent\Factories\Factory.php:261
C:\xampp\htdocs\mercatodo\tests\Feature\Admin\Products\EditProductTest.php:21</error>
        </testcase>
      </testsuite>
      <testsuite name="Tests\Feature\Admin\Products\IndexProductTest" file="C:\xampp\htdocs\mercatodo\tests\Feature\Admin\Products\IndexProductTest.php" tests="2" assertions="3" errors="0" warnings="0" failures="0" skipped="0" time="0.788533">
        <testcase name="test_it_can_list_products" class="Tests\Feature\Admin\Products\IndexProductTest" classname="Tests.Feature.Admin.Products.IndexProductTest" file="C:\xampp\htdocs\mercatodo\tests\Feature\Admin\Products\IndexProductTest.php" line="20" assertions="2" time="0.181211"/>
        <testcase name="test_it_user_doesnt_permissions_cant_list_products" class="Tests\Feature\Admin\Products\IndexProductTest" classname="Tests.Feature.Admin.Products.IndexProductTest" file="C:\xampp\htdocs\mercatodo\tests\Feature\Admin\Products\IndexProductTest.php" line="28" assertions="1" time="0.607322"/>
      </testsuite>
      <testsuite name="Tests\Feature\Products\StoreProductTest" file="C:\xampp\htdocs\mercatodo\tests\Feature\Admin\Products\StoreProductTest.php" tests="1" assertions="2" errors="0" warnings="0" failures="1" skipped="0" time="0.242308">
        <testcase name="test_it_stores_a_new_product" class="Tests\Feature\Products\StoreProductTest" classname="Tests.Feature.Products.StoreProductTest" file="C:\xampp\htdocs\mercatodo\tests\Feature\Admin\Products\StoreProductTest.php" line="22" assertions="2" time="0.242308">
          <failure type="PHPUnit\Framework\ExpectationFailedException">Tests\Feature\Products\StoreProductTest::test_it_stores_a_new_product
Expected response status code [201, 301, 302, 303, 307, 308] but received 500.

The following exception occurred during the request:

PDOException: SQLSTATE[HY000]: General error: 1364 Field 'storage' doesn't have a default value in C:\xampp\htdocs\mercatodo\vendor\laravel\framework\src\Illuminate\Database\Connection.php:501
Stack trace:
#0 C:\xampp\htdocs\mercatodo\vendor\laravel\framework\src\Illuminate\Database\Connection.php(501): PDOStatement-&gt;execute()
#1 C:\xampp\htdocs\mercatodo\vendor\laravel\framework\src\Illuminate\Database\Connection.php(705): Illuminate\Database\Connection-&gt;Illuminate\Database\{closure}('insert into `pr...', Array)
#2 C:\xampp\htdocs\mercatodo\vendor\laravel\framework\src\Illuminate\Database\Connection.php(672): Illuminate\Database\Connection-&gt;runQueryCallback('insert into `pr...', Array, Object(Closure))
#3 C:\xampp\htdocs\mercatodo\vendor\laravel\framework\src\Illuminate\Database\Connection.php(502): Illuminate\Database\Connection-&gt;run('insert into `pr...', Array, Object(Closure))
#4 C:\xampp\htdocs\mercatodo\vendor\laravel\framework\src\Illuminate\Database\Connection.php(454): Illuminate\Database\Connection-&gt;statement('insert into `pr...', Array)
#5 C:\xampp\htdocs\mercatodo\vendor\laravel\framework\src\Illuminate\Database\Query\Processors\Processor.php(32): Illuminate\Database\Connection-&gt;insert('insert into `pr...', Array)
#6 C:\xampp\htdocs\mercatodo\vendor\laravel\framework\src\Illuminate\Database\Query\Builder.php(3028): Illuminate\Database\Query\Processors\Processor-&gt;processInsertGetId(Object(Illuminate\Database\Query\Builder), 'insert into `pr...', Array, 'id')
#7 C:\xampp\htdocs\mercatodo\vendor\laravel\framework\src\Illuminate\Database\Eloquent\Builder.php(1657): Illuminate\Database\Query\Builder-&gt;insertGetId(Array, 'id')
#8 C:\xampp\htdocs\mercatodo\vendor\laravel\framework\src\Illuminate\Database\Eloquent\Model.php(1188): Illuminate\Database\Eloquent\Builder-&gt;__call('insertGetId', Array)
#9 C:\xampp\htdocs\mercatodo\vendor\laravel\framework\src\Illuminate\Database\Eloquent\Model.php(1153): Illuminate\Database\Eloquent\Model-&gt;insertAndSetId(Object(Illuminate\Database\Eloquent\Builder), Array)
#10 C:\xampp\htdocs\mercatodo\vendor\laravel\framework\src\Illuminate\Database\Eloquent\Model.php(994): Illuminate\Database\Eloquent\Model-&gt;performInsert(Object(Illuminate\Database\Eloquent\Builder))
#11 C:\xampp\htdocs\mercatodo\vendor\laravel\framework\src\Illuminate\Database\Eloquent\Builder.php(896): Illuminate\Database\Eloquent\Model-&gt;save()
#12 C:\xampp\htdocs\mercatodo\vendor\laravel\framework\src\Illuminate\Support\helpers.php(263): Illuminate\Database\Eloquent\Builder-&gt;Illuminate\Database\Eloquent\{closure}(Object(App\Models\Products))
#13 C:\xampp\htdocs\mercatodo\vendor\laravel\framework\src\Illuminate\Database\Eloquent\Builder.php(897): tap(Object(App\Models\Products), Object(Closure))
#14 C:\xampp\htdocs\mercatodo\vendor\laravel\framework\src\Illuminate\Support\Traits\ForwardsCalls.php(23): Illuminate\Database\Eloquent\Builder-&gt;create(Array)
#15 C:\xampp\htdocs\mercatodo\vendor\laravel\framework\src\Illuminate\Database\Eloquent\Model.php(2132): Illuminate\Database\Eloquent\Model-&gt;forwardCallTo(Object(Illuminate\Database\Eloquent\Builder), 'create', Array)
#16 C:\xampp\htdocs\mercatodo\vendor\laravel\framework\src\Illuminate\Database\Eloquent\Model.php(2144): Illuminate\Database\Eloquent\Model-&gt;__call('create', Array)
#17 C:\xampp\htdocs\mercatodo\app\Http\Controllers\Product\ProductoController.php(56): Illuminate\Database\Eloquent\Model::__callStatic('create', Array)
#18 C:\xampp\htdocs\mercatodo\vendor\laravel\framework\src\Illuminate\Routing\Controller.php(54): App\Http\Controllers\Product\ProductoController-&gt;store(Object(App\Http\Requests\Admin\Products\StoreProductRequest))
#19 C:\xampp\htdocs\mercatodo\vendor\laravel\framework\src\Illuminate\Routing\ControllerDispatcher.php(45): Illuminate\Routing\Controller-&gt;callAction('store', Array)
#20 C:\xampp\htdocs\mercatodo\vendor\laravel\framework\src\Illuminate\Routing\Route.php(262): Illuminate\Routing\ControllerDispatcher-&gt;dispatch(Object(Illuminate\Routing\Route), Object(App\Http\Controllers\Product\ProductoController), 'store')
#21 C:\xampp\htdocs\mercatodo\vendor\laravel\framework\src\Illuminate\Routing\Route.php(205): Illuminate\Routing\Route-&gt;runController()
#22 C:\xampp\htdocs\mercatodo\vendor\laravel\framework\src\Illuminate\Routing\Router.php(721): Illuminate\Routing\Route-&gt;run()
#23 C:\xampp\htdocs\mercatodo\vendor\laravel\framework\src\Illuminate\Pipeline\Pipeline.php(128): Illuminate\Routing\Router-&gt;Illuminate\Routing\{closure}(Object(Illuminate\Http\Request))
#24 C:\xampp\htdocs\mercatodo\vendor\spatie\laravel-permission\src\Middlewares\PermissionMiddleware.php(24): Illuminate\Pipeline\Pipeline-&gt;Illuminate\Pipeline\{closure}(Object(Illuminate\Http\Request))
#25 C:\xampp\htdocs\mercatodo\vendor\laravel\framework\src\Illuminate\Pipeline\Pipeline.php(167): Spatie\Permission\Middlewares\PermissionMiddleware-&gt;handle(Object(Illuminate\Http\Request), Object(Closure), 'crear-producto')
#26 C:\xampp\htdocs\mercatodo\vendor\laravel\framework\src\Illuminate\Routing\Middleware\SubstituteBindings.php(50): Illuminate\Pipeline\Pipeline-&gt;Illuminate\Pipeline\{closure}(Object(Illuminate\Http\Request))
#27 C:\xampp\htdocs\mercatodo\vendor\laravel\framework\src\Illuminate\Pipeline\Pipeline.php(167): Illuminate\Routing\Middleware\SubstituteBindings-&gt;handle(Object(Illuminate\Http\Request), Object(Closure))
#28 C:\xampp\htdocs\mercatodo\vendor\laravel\framework\src\Illuminate\Auth\Middleware\Authenticate.php(44): Illuminate\Pipeline\Pipeline-&gt;Illuminate\Pipeline\{closure}(Object(Illuminate\Http\Request))
#29 C:\xampp\htdocs\mercatodo\vendor\laravel\framework\src\Illuminate\Pipeline\Pipeline.php(167): Illuminate\Auth\Middleware\Authenticate-&gt;handle(Object(Illuminate\Http\Request), Object(Closure))
#30 C:\xampp\htdocs\mercatodo\vendor\laravel\framework\src\Illuminate\Foundation\Http\Middleware\VerifyCsrfToken.php(78): Illuminate\Pipeline\Pipeline-&gt;Illuminate\Pipeline\{closure}(Object(Illuminate\Http\Request))
#31 C:\xampp\htdocs\mercatodo\vendor\laravel\framework\src\Illuminate\Pipeline\Pipeline.php(167): Illuminate\Foundation\Http\Middleware\VerifyCsrfToken-&gt;handle(Object(Illuminate\Http\Request), Object(Closure))
#32 C:\xampp\htdocs\mercatodo\vendor\laravel\framework\src\Illuminate\View\Middleware\ShareErrorsFromSession.php(49): Illuminate\Pipeline\Pipeline-&gt;Illuminate\Pipeline\{closure}(Object(Illuminate\Http\Request))
#33 C:\xampp\htdocs\mercatodo\vendor\laravel\framework\src\Illuminate\Pipeline\Pipeline.php(167): Illuminate\View\Middleware\ShareErrorsFromSession-&gt;handle(Object(Illuminate\Http\Request), Object(Closure))
#34 C:\xampp\htdocs\mercatodo\vendor\laravel\framework\src\Illuminate\Session\Middleware\StartSession.php(121): Illuminate\Pipeline\Pipeline-&gt;Illuminate\Pipeline\{closure}(Object(Illuminate\Http\Request))
#35 C:\xampp\htdocs\mercatodo\vendor\laravel\framework\src\Illuminate\Session\Middleware\StartSession.php(64): Illuminate\Session\Middleware\StartSession-&gt;handleStatefulRequest(Object(Illuminate\Http\Request), Object(Illuminate\Session\Store), Object(Closure))
#36 C:\xampp\htdocs\mercatodo\vendor\laravel\framework\src\Illuminate\Pipeline\Pipeline.php(167): Illuminate\Session\Middleware\StartSession-&gt;handle(Object(Illuminate\Http\Request), Object(Closure))
#37 C:\xampp\htdocs\mercatodo\vendor\laravel\framework\src\Illuminate\Cookie\Middleware\AddQueuedCookiesToResponse.php(37): Illuminate\Pipeline\Pipeline-&gt;Illuminate\Pipeline\{closure}(Object(Illuminate\Http\Request))
#38 C:\xampp\htdocs\mercatodo\vendor\laravel\framework\src\Illuminate\Pipeline\Pipeline.php(167): Illuminate\Cookie\Middleware\AddQueuedCookiesToResponse-&gt;handle(Object(Illuminate\Http\Request), Object(Closure))
#39 C:\xampp\htdocs\mercatodo\vendor\laravel\framework\src\Illuminate\Cookie\Middleware\EncryptCookies.php(67): Illuminate\Pipeline\Pipeline-&gt;Illuminate\Pipeline\{closure}(Object(Illuminate\Http\Request))
#40 C:\xampp\htdocs\mercatodo\vendor\laravel\framework\src\Illuminate\Pipeline\Pipeline.php(167): Illuminate\Cookie\Middleware\EncryptCookies-&gt;handle(Object(Illuminate\Http\Request), Object(Closure))
#41 C:\xampp\htdocs\mercatodo\vendor\laravel\framework\src\Illuminate\Pipeline\Pipeline.php(103): Illuminate\Pipeline\Pipeline-&gt;Illuminate\Pipeline\{closure}(Object(Illuminate\Http\Request))
#42 C:\xampp\htdocs\mercatodo\vendor\laravel\framework\src\Illuminate\Routing\Router.php(723): Illuminate\Pipeline\Pipeline-&gt;then(Object(Closure))
#43 C:\xampp\htdocs\mercatodo\vendor\laravel\framework\src\Illuminate\Routing\Router.php(698): Illuminate\Routing\Router-&gt;runRouteWithinStack(Object(Illuminate\Routing\Route), Object(Illuminate\Http\Request))
#44 C:\xampp\htdocs\mercatodo\vendor\laravel\framework\src\Illuminate\Routing\Router.php(662): Illuminate\Routing\Router-&gt;runRoute(Object(Illuminate\Http\Request), Object(Illuminate\Routing\Route))
#45 C:\xampp\htdocs\mercatodo\vendor\laravel\framework\src\Illuminate\Routing\Router.php(651): Illuminate\Routing\Router-&gt;dispatchToRoute(Object(Illuminate\Http\Request))
#46 C:\xampp\htdocs\mercatodo\vendor\laravel\framework\src\Illuminate\Foundation\Http\Kernel.php(167): Illuminate\Routing\Router-&gt;dispatch(Object(Illuminate\Http\Request))
#47 C:\xampp\htdocs\mercatodo\vendor\laravel\framework\src\Illuminate\Pipeline\Pipeline.php(128): Illuminate\Foundation\Http\Kernel-&gt;Illuminate\Foundation\Http\{closure}(Object(Illuminate\Http\Request))
#48 C:\xampp\htdocs\mercatodo\vendor\barryvdh\laravel-debugbar\src\Middleware\InjectDebugbar.php(60): Illuminate\Pipeline\Pipeline-&gt;Illuminate\Pipeline\{closure}(Object(Illuminate\Http\Request))
#49 C:\xampp\htdocs\mercatodo\vendor\laravel\framework\src\Illuminate\Pipeline\Pipeline.php(167): Barryvdh\Debugbar\Middleware\InjectDebugbar-&gt;handle(Object(Illuminate\Http\Request), Object(Closure))
#50 C:\xampp\htdocs\mercatodo\vendor\laravel\framework\src\Illuminate\Foundation\Http\Middleware\TransformsRequest.php(21): Illuminate\Pipeline\Pipeline-&gt;Illuminate\Pipeline\{closure}(Object(Illuminate\Http\Request))
#51 C:\xampp\htdocs\mercatodo\vendor\laravel\framework\src\Illuminate\Foundation\Http\Middleware\ConvertEmptyStringsToNull.php(31): Illuminate\Foundation\Http\Middleware\TransformsRequest-&gt;handle(Object(Illuminate\Http\Request), Object(Closure))
#52 C:\xampp\htdocs\mercatodo\vendor\laravel\framework\src\Illuminate\Pipeline\Pipeline.php(167): Illuminate\Foundation\Http\Middleware\ConvertEmptyStringsToNull-&gt;handle(Object(Illuminate\Http\Request), Object(Closure))
#53 C:\xampp\htdocs\mercatodo\vendor\laravel\framework\src\Illuminate\Foundation\Http\Middleware\TransformsRequest.php(21): Illuminate\Pipeline\Pipeline-&gt;Illuminate\Pipeline\{closure}(Object(Illuminate\Http\Request))
#54 C:\xampp\htdocs\mercatodo\vendor\laravel\framework\src\Illuminate\Foundation\Http\Middleware\TrimStrings.php(40): Illuminate\Foundation\Http\Middleware\TransformsRequest-&gt;handle(Object(Illuminate\Http\Request), Object(Closure))
#55 C:\xampp\htdocs\mercatodo\vendor\laravel\framework\src\Illuminate\Pipeline\Pipeline.php(167): Illuminate\Foundation\Http\Middleware\TrimStrings-&gt;handle(Object(Illuminate\Http\Request), Object(Closure))
#56 C:\xampp\htdocs\mercatodo\vendor\laravel\framework\src\Illuminate\Foundation\Http\Middleware\ValidatePostSize.php(27): Illuminate\Pipeline\Pipeline-&gt;Illuminate\Pipeline\{closure}(Object(Illuminate\Http\Request))
#57 C:\xampp\htdocs\mercatodo\vendor\laravel\framework\src\Illuminate\Pipeline\Pipeline.php(167): Illuminate\Foundation\Http\Middleware\ValidatePostSize-&gt;handle(Object(Illuminate\Http\Request), Object(Closure))
#58 C:\xampp\htdocs\mercatodo\vendor\laravel\framework\src\Illuminate\Foundation\Http\Middleware\PreventRequestsDuringMaintenance.php(86): Illuminate\Pipeline\Pipeline-&gt;Illuminate\Pipeline\{closure}(Object(Illuminate\Http\Request))
#59 C:\xampp\htdocs\mercatodo\vendor\laravel\framework\src\Illuminate\Pipeline\Pipeline.php(167): Illuminate\Foundation\Http\Middleware\PreventRequestsDuringMaintenance-&gt;handle(Object(Illuminate\Http\Request), Object(Closure))
#60 C:\xampp\htdocs\mercatodo\vendor\fruitcake\laravel-cors\src\HandleCors.php(38): Illuminate\Pipeline\Pipeline-&gt;Illuminate\Pipeline\{closure}(Object(Illuminate\Http\Request))
#61 C:\xampp\htdocs\mercatodo\vendor\laravel\framework\src\Illuminate\Pipeline\Pipeline.php(167): Fruitcake\Cors\HandleCors-&gt;handle(Object(Illuminate\Http\Request), Object(Closure))
#62 C:\xampp\htdocs\mercatodo\vendor\laravel\framework\src\Illuminate\Http\Middleware\TrustProxies.php(39): Illuminate\Pipeline\Pipeline-&gt;Illuminate\Pipeline\{closure}(Object(Illuminate\Http\Request))
#63 C:\xampp\htdocs\mercatodo\vendor\laravel\framework\src\Illuminate\Pipeline\Pipeline.php(167): Illuminate\Http\Middleware\TrustProxies-&gt;handle(Object(Illuminate\Http\Request), Object(Closure))
#64 C:\xampp\htdocs\mercatodo\vendor\laravel\framework\src\Illuminate\Pipeline\Pipeline.php(103): Illuminate\Pipeline\Pipeline-&gt;Illuminate\Pipeline\{closure}(Object(Illuminate\Http\Request))
#65 C:\xampp\htdocs\mercatodo\vendor\laravel\framework\src\Illuminate\Foundation\Http\Kernel.php(142): Illuminate\Pipeline\Pipeline-&gt;then(Object(Closure))
#66 C:\xampp\htdocs\mercatodo\vendor\laravel\framework\src\Illuminate\Foundation\Http\Kernel.php(111): Illuminate\Foundation\Http\Kernel-&gt;sendRequestThroughRouter(Object(Illuminate\Http\Request))
#67 C:\xampp\htdocs\mercatodo\vendor\laravel\framework\src\Illuminate\Foundation\Testing\Concerns\MakesHttpRequests.php(510): Illuminate\Foundation\Http\Kernel-&gt;handle(Object(Illuminate\Http\Request))
#68 C:\xampp\htdocs\mercatodo\vendor\laravel\framework\src\Illuminate\Foundation\Testing\Concerns\MakesHttpRequests.php(322): Illuminate\Foundation\Testing\TestCase-&gt;call('POST', 'http://localhos...', Array, Array, Array, Array)
#69 C:\xampp\htdocs\mercatodo\tests\Feature\Admin\Products\StoreProductTest.php(31): Illuminate\Foundation\Testing\TestCase-&gt;post('http://localhos...', Array)
#70 C:\xampp\htdocs\mercatodo\vendor\phpunit\phpunit\src\Framework\TestCase.php(1545): Tests\Feature\Products\StoreProductTest-&gt;test_it_stores_a_new_product()
#71 C:\xampp\htdocs\mercatodo\vendor\phpunit\phpunit\src\Framework\TestCase.php(1151): PHPUnit\Framework\TestCase-&gt;runTest()
#72 C:\xampp\htdocs\mercatodo\vendor\phpunit\phpunit\src\Framework\TestResult.php(726): PHPUnit\Framework\TestCase-&gt;runBare()
#73 C:\xampp\htdocs\mercatodo\vendor\phpunit\phpunit\src\Framework\TestCase.php(903): PHPUnit\Framework\TestResult-&gt;run(Object(Tests\Feature\Products\StoreProductTest))
#74 C:\xampp\htdocs\mercatodo\vendor\phpunit\phpunit\src\Framework\TestSuite.php(677): PHPUnit\Framework\TestCase-&gt;run(Object(PHPUnit\Framework\TestResult))
#75 C:\xampp\htdocs\mercatodo\vendor\phpunit\phpunit\src\Framework\TestSuite.php(677): PHPUnit\Framework\TestSuite-&gt;run(Object(PHPUnit\Framework\TestResult))
#76 C:\xampp\htdocs\mercatodo\vendor\phpunit\phpunit\src\Framework\TestSuite.php(677): PHPUnit\Framework\TestSuite-&gt;run(Object(PHPUnit\Framework\TestResult))
#77 C:\xampp\htdocs\mercatodo\vendor\phpunit\phpunit\src\TextUI\TestRunner.php(673): PHPUnit\Framework\TestSuite-&gt;run(Object(PHPUnit\Framework\TestResult))
#78 C:\xampp\htdocs\mercatodo\vendor\phpunit\phpunit\src\TextUI\Command.php(143): PHPUnit\TextUI\TestRunner-&gt;run(Object(PHPUnit\Framework\TestSuite), Array, Array, true)
#79 C:\xampp\htdocs\mercatodo\vendor\phpunit\phpunit\src\TextUI\Command.php(96): PHPUnit\TextUI\Command-&gt;run(Array, true)
#80 C:\xampp\htdocs\mercatodo\vendor\phpunit\phpunit\phpunit(98): PHPUnit\TextUI\Command::main()
#81 {main}

Next Illuminate\Database\QueryException: SQLSTATE[HY000]: General error: 1364 Field 'storage' doesn't have a default value (SQL: insert into `products` (`name`, `price`, `description`, `image`, `updated_at`, `created_at`) values (Test product, 100, I am a test product, 20220324230140.jpg, 2022-03-24 23:01:40, 2022-03-24 23:01:40)) in C:\xampp\htdocs\mercatodo\vendor\laravel\framework\src\Illuminate\Database\Connection.php:712
Stack trace:
#0 C:\xampp\htdocs\mercatodo\vendor\laravel\framework\src\Illuminate\Database\Connection.php(672): Illuminate\Database\Connection-&gt;runQueryCallback('insert into `pr...', Array, Object(Closure))
#1 C:\xampp\htdocs\mercatodo\vendor\laravel\framework\src\Illuminate\Database\Connection.php(502): Illuminate\Database\Connection-&gt;run('insert into `pr...', Array, Object(Closure))
#2 C:\xampp\htdocs\mercatodo\vendor\laravel\framework\src\Illuminate\Database\Connection.php(454): Illuminate\Database\Connection-&gt;statement('insert into `pr...', Array)
#3 C:\xampp\htdocs\mercatodo\vendor\laravel\framework\src\Illuminate\Database\Query\Processors\Processor.php(32): Illuminate\Database\Connection-&gt;insert('insert into `pr...', Array)
#4 C:\xampp\htdocs\mercatodo\vendor\laravel\framework\src\Illuminate\Database\Query\Builder.php(3028): Illuminate\Database\Query\Processors\Processor-&gt;processInsertGetId(Object(Illuminate\Database\Query\Builder), 'insert into `pr...', Array, 'id')
#5 C:\xampp\htdocs\mercatodo\vendor\laravel\framework\src\Illuminate\Database\Eloquent\Builder.php(1657): Illuminate\Database\Query\Builder-&gt;insertGetId(Array, 'id')
#6 C:\xampp\htdocs\mercatodo\vendor\laravel\framework\src\Illuminate\Database\Eloquent\Model.php(1188): Illuminate\Database\Eloquent\Builder-&gt;__call('insertGetId', Array)
#7 C:\xampp\htdocs\mercatodo\vendor\laravel\framework\src\Illuminate\Database\Eloquent\Model.php(1153): Illuminate\Database\Eloquent\Model-&gt;insertAndSetId(Object(Illuminate\Database\Eloquent\Builder), Array)
#8 C:\xampp\htdocs\mercatodo\vendor\laravel\framework\src\Illuminate\Database\Eloquent\Model.php(994): Illuminate\Database\Eloquent\Model-&gt;performInsert(Object(Illuminate\Database\Eloquent\Builder))
#9 C:\xampp\htdocs\mercatodo\vendor\laravel\framework\src\Illuminate\Database\Eloquent\Builder.php(896): Illuminate\Database\Eloquent\Model-&gt;save()
#10 C:\xampp\htdocs\mercatodo\vendor\laravel\framework\src\Illuminate\Support\helpers.php(263): Illuminate\Database\Eloquent\Builder-&gt;Illuminate\Database\Eloquent\{closure}(Object(App\Models\Products))
#11 C:\xampp\htdocs\mercatodo\vendor\laravel\framework\src\Illuminate\Database\Eloquent\Builder.php(897): tap(Object(App\Models\Products), Object(Closure))
#12 C:\xampp\htdocs\mercatodo\vendor\laravel\framework\src\Illuminate\Support\Traits\ForwardsCalls.php(23): Illuminate\Database\Eloquent\Builder-&gt;create(Array)
#13 C:\xampp\htdocs\mercatodo\vendor\laravel\framework\src\Illuminate\Database\Eloquent\Model.php(2132): Illuminate\Database\Eloquent\Model-&gt;forwardCallTo(Object(Illuminate\Database\Eloquent\Builder), 'create', Array)
#14 C:\xampp\htdocs\mercatodo\vendor\laravel\framework\src\Illuminate\Database\Eloquent\Model.php(2144): Illuminate\Database\Eloquent\Model-&gt;__call('create', Array)
#15 C:\xampp\htdocs\mercatodo\app\Http\Controllers\Product\ProductoController.php(56): Illuminate\Database\Eloquent\Model::__callStatic('create', Array)
#16 C:\xampp\htdocs\mercatodo\vendor\laravel\framework\src\Illuminate\Routing\Controller.php(54): App\Http\Controllers\Product\ProductoController-&gt;store(Object(App\Http\Requests\Admin\Products\StoreProductRequest))
#17 C:\xampp\htdocs\mercatodo\vendor\laravel\framework\src\Illuminate\Routing\ControllerDispatcher.php(45): Illuminate\Routing\Controller-&gt;callAction('store', Array)
#18 C:\xampp\htdocs\mercatodo\vendor\laravel\framework\src\Illuminate\Routing\Route.php(262): Illuminate\Routing\ControllerDispatcher-&gt;dispatch(Object(Illuminate\Routing\Route), Object(App\Http\Controllers\Product\ProductoController), 'store')
#19 C:\xampp\htdocs\mercatodo\vendor\laravel\framework\src\Illuminate\Routing\Route.php(205): Illuminate\Routing\Route-&gt;runController()
#20 C:\xampp\htdocs\mercatodo\vendor\laravel\framework\src\Illuminate\Routing\Router.php(721): Illuminate\Routing\Route-&gt;run()
#21 C:\xampp\htdocs\mercatodo\vendor\laravel\framework\src\Illuminate\Pipeline\Pipeline.php(128): Illuminate\Routing\Router-&gt;Illuminate\Routing\{closure}(Object(Illuminate\Http\Request))
#22 C:\xampp\htdocs\mercatodo\vendor\spatie\laravel-permission\src\Middlewares\PermissionMiddleware.php(24): Illuminate\Pipeline\Pipeline-&gt;Illuminate\Pipeline\{closure}(Object(Illuminate\Http\Request))
#23 C:\xampp\htdocs\mercatodo\vendor\laravel\framework\src\Illuminate\Pipeline\Pipeline.php(167): Spatie\Permission\Middlewares\PermissionMiddleware-&gt;handle(Object(Illuminate\Http\Request), Object(Closure), 'crear-producto')
#24 C:\xampp\htdocs\mercatodo\vendor\laravel\framework\src\Illuminate\Routing\Middleware\SubstituteBindings.php(50): Illuminate\Pipeline\Pipeline-&gt;Illuminate\Pipeline\{closure}(Object(Illuminate\Http\Request))
#25 C:\xampp\htdocs\mercatodo\vendor\laravel\framework\src\Illuminate\Pipeline\Pipeline.php(167): Illuminate\Routing\Middleware\SubstituteBindings-&gt;handle(Object(Illuminate\Http\Request), Object(Closure))
#26 C:\xampp\htdocs\mercatodo\vendor\laravel\framework\src\Illuminate\Auth\Middleware\Authenticate.php(44): Illuminate\Pipeline\Pipeline-&gt;Illuminate\Pipeline\{closure}(Object(Illuminate\Http\Request))
#27 C:\xampp\htdocs\mercatodo\vendor\laravel\framework\src\Illuminate\Pipeline\Pipeline.php(167): Illuminate\Auth\Middleware\Authenticate-&gt;handle(Object(Illuminate\Http\Request), Object(Closure))
#28 C:\xampp\htdocs\mercatodo\vendor\laravel\framework\src\Illuminate\Foundation\Http\Middleware\VerifyCsrfToken.php(78): Illuminate\Pipeline\Pipeline-&gt;Illuminate\Pipeline\{closure}(Object(Illuminate\Http\Request))
#29 C:\xampp\htdocs\mercatodo\vendor\laravel\framework\src\Illuminate\Pipeline\Pipeline.php(167): Illuminate\Foundation\Http\Middleware\VerifyCsrfToken-&gt;handle(Object(Illuminate\Http\Request), Object(Closure))
#30 C:\xampp\htdocs\mercatodo\vendor\laravel\framework\src\Illuminate\View\Middleware\ShareErrorsFromSession.php(49): Illuminate\Pipeline\Pipeline-&gt;Illuminate\Pipeline\{closure}(Object(Illuminate\Http\Request))
#31 C:\xampp\htdocs\mercatodo\vendor\laravel\framework\src\Illuminate\Pipeline\Pipeline.php(167): Illuminate\View\Middleware\ShareErrorsFromSession-&gt;handle(Object(Illuminate\Http\Request), Object(Closure))
#32 C:\xampp\htdocs\mercatodo\vendor\laravel\framework\src\Illuminate\Session\Middleware\StartSession.php(121): Illuminate\Pipeline\Pipeline-&gt;Illuminate\Pipeline\{closure}(Object(Illuminate\Http\Request))
#33 C:\xampp\htdocs\mercatodo\vendor\laravel\framework\src\Illuminate\Session\Middleware\StartSession.php(64): Illuminate\Session\Middleware\StartSession-&gt;handleStatefulRequest(Object(Illuminate\Http\Request), Object(Illuminate\Session\Store), Object(Closure))
#34 C:\xampp\htdocs\mercatodo\vendor\laravel\framework\src\Illuminate\Pipeline\Pipeline.php(167): Illuminate\Session\Middleware\StartSession-&gt;handle(Object(Illuminate\Http\Request), Object(Closure))
#35 C:\xampp\htdocs\mercatodo\vendor\laravel\framework\src\Illuminate\Cookie\Middleware\AddQueuedCookiesToResponse.php(37): Illuminate\Pipeline\Pipeline-&gt;Illuminate\Pipeline\{closure}(Object(Illuminate\Http\Request))
#36 C:\xampp\htdocs\mercatodo\vendor\laravel\framework\src\Illuminate\Pipeline\Pipeline.php(167): Illuminate\Cookie\Middleware\AddQueuedCookiesToResponse-&gt;handle(Object(Illuminate\Http\Request), Object(Closure))
#37 C:\xampp\htdocs\mercatodo\vendor\laravel\framework\src\Illuminate\Cookie\Middleware\EncryptCookies.php(67): Illuminate\Pipeline\Pipeline-&gt;Illuminate\Pipeline\{closure}(Object(Illuminate\Http\Request))
#38 C:\xampp\htdocs\mercatodo\vendor\laravel\framework\src\Illuminate\Pipeline\Pipeline.php(167): Illuminate\Cookie\Middleware\EncryptCookies-&gt;handle(Object(Illuminate\Http\Request), Object(Closure))
#39 C:\xampp\htdocs\mercatodo\vendor\laravel\framework\src\Illuminate\Pipeline\Pipeline.php(103): Illuminate\Pipeline\Pipeline-&gt;Illuminate\Pipeline\{closure}(Object(Illuminate\Http\Request))
#40 C:\xampp\htdocs\mercatodo\vendor\laravel\framework\src\Illuminate\Routing\Router.php(723): Illuminate\Pipeline\Pipeline-&gt;then(Object(Closure))
#41 C:\xampp\htdocs\mercatodo\vendor\laravel\framework\src\Illuminate\Routing\Router.php(698): Illuminate\Routing\Router-&gt;runRouteWithinStack(Object(Illuminate\Routing\Route), Object(Illuminate\Http\Request))
#42 C:\xampp\htdocs\mercatodo\vendor\laravel\framework\src\Illuminate\Routing\Router.php(662): Illuminate\Routing\Router-&gt;runRoute(Object(Illuminate\Http\Request), Object(Illuminate\Routing\Route))
#43 C:\xampp\htdocs\mercatodo\vendor\laravel\framework\src\Illuminate\Routing\Router.php(651): Illuminate\Routing\Router-&gt;dispatchToRoute(Object(Illuminate\Http\Request))
#44 C:\xampp\htdocs\mercatodo\vendor\laravel\framework\src\Illuminate\Foundation\Http\Kernel.php(167): Illuminate\Routing\Router-&gt;dispatch(Object(Illuminate\Http\Request))
#45 C:\xampp\htdocs\mercatodo\vendor\laravel\framework\src\Illuminate\Pipeline\Pipeline.php(128): Illuminate\Foundation\Http\Kernel-&gt;Illuminate\Foundation\Http\{closure}(Object(Illuminate\Http\Request))
#46 C:\xampp\htdocs\mercatodo\vendor\barryvdh\laravel-debugbar\src\Middleware\InjectDebugbar.php(60): Illuminate\Pipeline\Pipeline-&gt;Illuminate\Pipeline\{closure}(Object(Illuminate\Http\Request))
#47 C:\xampp\htdocs\mercatodo\vendor\laravel\framework\src\Illuminate\Pipeline\Pipeline.php(167): Barryvdh\Debugbar\Middleware\InjectDebugbar-&gt;handle(Object(Illuminate\Http\Request), Object(Closure))
#48 C:\xampp\htdocs\mercatodo\vendor\laravel\framework\src\Illuminate\Foundation\Http\Middleware\TransformsRequest.php(21): Illuminate\Pipeline\Pipeline-&gt;Illuminate\Pipeline\{closure}(Object(Illuminate\Http\Request))
#49 C:\xampp\htdocs\mercatodo\vendor\laravel\framework\src\Illuminate\Foundation\Http\Middleware\ConvertEmptyStringsToNull.php(31): Illuminate\Foundation\Http\Middleware\TransformsRequest-&gt;handle(Object(Illuminate\Http\Request), Object(Closure))
#50 C:\xampp\htdocs\mercatodo\vendor\laravel\framework\src\Illuminate\Pipeline\Pipeline.php(167): Illuminate\Foundation\Http\Middleware\ConvertEmptyStringsToNull-&gt;handle(Object(Illuminate\Http\Request), Object(Closure))
#51 C:\xampp\htdocs\mercatodo\vendor\laravel\framework\src\Illuminate\Foundation\Http\Middleware\TransformsRequest.php(21): Illuminate\Pipeline\Pipeline-&gt;Illuminate\Pipeline\{closure}(Object(Illuminate\Http\Request))
#52 C:\xampp\htdocs\mercatodo\vendor\laravel\framework\src\Illuminate\Foundation\Http\Middleware\TrimStrings.php(40): Illuminate\Foundation\Http\Middleware\TransformsRequest-&gt;handle(Object(Illuminate\Http\Request), Object(Closure))
#53 C:\xampp\htdocs\mercatodo\vendor\laravel\framework\src\Illuminate\Pipeline\Pipeline.php(167): Illuminate\Foundation\Http\Middleware\TrimStrings-&gt;handle(Object(Illuminate\Http\Request), Object(Closure))
#54 C:\xampp\htdocs\mercatodo\vendor\laravel\framework\src\Illuminate\Foundation\Http\Middleware\ValidatePostSize.php(27): Illuminate\Pipeline\Pipeline-&gt;Illuminate\Pipeline\{closure}(Object(Illuminate\Http\Request))
#55 C:\xampp\htdocs\mercatodo\vendor\laravel\framework\src\Illuminate\Pipeline\Pipeline.php(167): Illuminate\Foundation\Http\Middleware\ValidatePostSize-&gt;handle(Object(Illuminate\Http\Request), Object(Closure))
#56 C:\xampp\htdocs\mercatodo\vendor\laravel\framework\src\Illuminate\Foundation\Http\Middleware\PreventRequestsDuringMaintenance.php(86): Illuminate\Pipeline\Pipeline-&gt;Illuminate\Pipeline\{closure}(Object(Illuminate\Http\Request))
#57 C:\xampp\htdocs\mercatodo\vendor\laravel\framework\src\Illuminate\Pipeline\Pipeline.php(167): Illuminate\Foundation\Http\Middleware\PreventRequestsDuringMaintenance-&gt;handle(Object(Illuminate\Http\Request), Object(Closure))
#58 C:\xampp\htdocs\mercatodo\vendor\fruitcake\laravel-cors\src\HandleCors.php(38): Illuminate\Pipeline\Pipeline-&gt;Illuminate\Pipeline\{closure}(Object(Illuminate\Http\Request))
#59 C:\xampp\htdocs\mercatodo\vendor\laravel\framework\src\Illuminate\Pipeline\Pipeline.php(167): Fruitcake\Cors\HandleCors-&gt;handle(Object(Illuminate\Http\Request), Object(Closure))
#60 C:\xampp\htdocs\mercatodo\vendor\laravel\framework\src\Illuminate\Http\Middleware\TrustProxies.php(39): Illuminate\Pipeline\Pipeline-&gt;Illuminate\Pipeline\{closure}(Object(Illuminate\Http\Request))
#61 C:\xampp\htdocs\mercatodo\vendor\laravel\framework\src\Illuminate\Pipeline\Pipeline.php(167): Illuminate\Http\Middleware\TrustProxies-&gt;handle(Object(Illuminate\Http\Request), Object(Closure))
#62 C:\xampp\htdocs\mercatodo\vendor\laravel\framework\src\Illuminate\Pipeline\Pipeline.php(103): Illuminate\Pipeline\Pipeline-&gt;Illuminate\Pipeline\{closure}(Object(Illuminate\Http\Request))
#63 C:\xampp\htdocs\mercatodo\vendor\laravel\framework\src\Illuminate\Foundation\Http\Kernel.php(142): Illuminate\Pipeline\Pipeline-&gt;then(Object(Closure))
#64 C:\xampp\htdocs\mercatodo\vendor\laravel\framework\src\Illuminate\Foundation\Http\Kernel.php(111): Illuminate\Foundation\Http\Kernel-&gt;sendRequestThroughRouter(Object(Illuminate\Http\Request))
#65 C:\xampp\htdocs\mercatodo\vendor\laravel\framework\src\Illuminate\Foundation\Testing\Concerns\MakesHttpRequests.php(510): Illuminate\Foundation\Http\Kernel-&gt;handle(Object(Illuminate\Http\Request))
#66 C:\xampp\htdocs\mercatodo\vendor\laravel\framework\src\Illuminate\Foundation\Testing\Concerns\MakesHttpRequests.php(322): Illuminate\Foundation\Testing\TestCase-&gt;call('POST', 'http://localhos...', Array, Array, Array, Array)
#67 C:\xampp\htdocs\mercatodo\tests\Feature\Admin\Products\StoreProductTest.php(31): Illuminate\Foundation\Testing\TestCase-&gt;post('http://localhos...', Array)
#68 C:\xampp\htdocs\mercatodo\vendor\phpunit\phpunit\src\Framework\TestCase.php(1545): Tests\Feature\Products\StoreProductTest-&gt;test_it_stores_a_new_product()
#69 C:\xampp\htdocs\mercatodo\vendor\phpunit\phpunit\src\Framework\TestCase.php(1151): PHPUnit\Framework\TestCase-&gt;runTest()
#70 C:\xampp\htdocs\mercatodo\vendor\phpunit\phpunit\src\Framework\TestResult.php(726): PHPUnit\Framework\TestCase-&gt;runBare()
#71 C:\xampp\htdocs\mercatodo\vendor\phpunit\phpunit\src\Framework\TestCase.php(903): PHPUnit\Framework\TestResult-&gt;run(Object(Tests\Feature\Products\StoreProductTest))
#72 C:\xampp\htdocs\mercatodo\vendor\phpunit\phpunit\src\Framework\TestSuite.php(677): PHPUnit\Framework\TestCase-&gt;run(Object(PHPUnit\Framework\TestResult))
#73 C:\xampp\htdocs\mercatodo\vendor\phpunit\phpunit\src\Framework\TestSuite.php(677): PHPUnit\Framework\TestSuite-&gt;run(Object(PHPUnit\Framework\TestResult))
#74 C:\xampp\htdocs\mercatodo\vendor\phpunit\phpunit\src\Framework\TestSuite.php(677): PHPUnit\Framework\TestSuite-&gt;run(Object(PHPUnit\Framework\TestResult))
#75 C:\xampp\htdocs\mercatodo\vendor\phpunit\phpunit\src\TextUI\TestRunner.php(673): PHPUnit\Framework\TestSuite-&gt;run(Object(PHPUnit\Framework\TestResult))
#76 C:\xampp\htdocs\mercatodo\vendor\phpunit\phpunit\src\TextUI\Command.php(143): PHPUnit\TextUI\TestRunner-&gt;run(Object(PHPUnit\Framework\TestSuite), Array, Array, true)
#77 C:\xampp\htdocs\mercatodo\vendor\phpunit\phpunit\src\TextUI\Command.php(96): PHPUnit\TextUI\Command-&gt;run(Array, true)
#78 C:\xampp\htdocs\mercatodo\vendor\phpunit\phpunit\phpunit(98): PHPUnit\TextUI\Command::main()
#79 {main}
Failed asserting that false is true.

C:\xampp\htdocs\mercatodo\vendor\laravel\framework\src\Illuminate\Testing\TestResponse.php:271
C:\xampp\htdocs\mercatodo\tests\Feature\Admin\Products\StoreProductTest.php:33</failure>
        </testcase>
      </testsuite>
      <testsuite name="Tests\Feature\Admin\Products\UpdateProductTest" file="C:\xampp\htdocs\mercatodo\tests\Feature\Admin\Products\UpdateProductTest.php" tests="2" assertions="0" errors="2" warnings="0" failures="0" skipped="0" time="0.298837">
        <testcase name="test_it_can_update_a_product" class="Tests\Feature\Admin\Products\UpdateProductTest" classname="Tests.Feature.Admin.Products.UpdateProductTest" file="C:\xampp\htdocs\mercatodo\tests\Feature\Admin\Products\UpdateProductTest.php" line="22" assertions="0" time="0.153867">
          <error type="Illuminate\Database\QueryException">Tests\Feature\Admin\Products\UpdateProductTest::test_it_can_update_a_product
Illuminate\Database\QueryException: SQLSTATE[HY000]: General error: 1364 Field 'storage' doesn't have a default value (SQL: insert into `products` (`name`, `price`, `description`, `image`, `updated_at`, `created_at`) values (rerum qui, 1, nesciunt maxime temporibus distinctio rerum, C:\Users\Anderson\AppData\Local\Temp\php4D38.tmp, 2022-03-24 23:01:40, 2022-03-24 23:01:40))

C:\xampp\htdocs\mercatodo\vendor\laravel\framework\src\Illuminate\Database\Connection.php:712
C:\xampp\htdocs\mercatodo\vendor\laravel\framework\src\Illuminate\Database\Connection.php:672
C:\xampp\htdocs\mercatodo\vendor\laravel\framework\src\Illuminate\Database\Connection.php:502
C:\xampp\htdocs\mercatodo\vendor\laravel\framework\src\Illuminate\Database\Connection.php:454
C:\xampp\htdocs\mercatodo\vendor\laravel\framework\src\Illuminate\Database\Query\Processors\Processor.php:32
C:\xampp\htdocs\mercatodo\vendor\laravel\framework\src\Illuminate\Database\Query\Builder.php:3028
C:\xampp\htdocs\mercatodo\vendor\laravel\framework\src\Illuminate\Database\Eloquent\Builder.php:1657
C:\xampp\htdocs\mercatodo\vendor\laravel\framework\src\Illuminate\Database\Eloquent\Model.php:1188
C:\xampp\htdocs\mercatodo\vendor\laravel\framework\src\Illuminate\Database\Eloquent\Model.php:1153
C:\xampp\htdocs\mercatodo\vendor\laravel\framework\src\Illuminate\Database\Eloquent\Model.php:994
C:\xampp\htdocs\mercatodo\vendor\laravel\framework\src\Illuminate\Database\Eloquent\Factories\Factory.php:314
C:\xampp\htdocs\mercatodo\vendor\laravel\framework\src\Illuminate\Collections\Traits\EnumeratesValues.php:244
C:\xampp\htdocs\mercatodo\vendor\laravel\framework\src\Illuminate\Database\Eloquent\Factories\Factory.php:317
C:\xampp\htdocs\mercatodo\vendor\laravel\framework\src\Illuminate\Database\Eloquent\Factories\Factory.php:261
C:\xampp\htdocs\mercatodo\tests\Feature\Admin\Products\UpdateProductTest.php:30</error>
        </testcase>
        <testcase name="test_it_can_update_a_product_without_image" class="Tests\Feature\Admin\Products\UpdateProductTest" classname="Tests.Feature.Admin.Products.UpdateProductTest" file="C:\xampp\htdocs\mercatodo\tests\Feature\Admin\Products\UpdateProductTest.php" line="41" assertions="0" time="0.144971">
          <error type="Illuminate\Database\QueryException">Tests\Feature\Admin\Products\UpdateProductTest::test_it_can_update_a_product_without_image
Illuminate\Database\QueryException: SQLSTATE[HY000]: General error: 1364 Field 'storage' doesn't have a default value (SQL: insert into `products` (`name`, `price`, `description`, `image`, `updated_at`, `created_at`) values (perferendis soluta, 3, sed sint ut debitis tenetur, C:\Users\Anderson\AppData\Local\Temp\php4DD5.tmp, 2022-03-24 23:01:40, 2022-03-24 23:01:40))

C:\xampp\htdocs\mercatodo\vendor\laravel\framework\src\Illuminate\Database\Connection.php:712
C:\xampp\htdocs\mercatodo\vendor\laravel\framework\src\Illuminate\Database\Connection.php:672
C:\xampp\htdocs\mercatodo\vendor\laravel\framework\src\Illuminate\Database\Connection.php:502
C:\xampp\htdocs\mercatodo\vendor\laravel\framework\src\Illuminate\Database\Connection.php:454
C:\xampp\htdocs\mercatodo\vendor\laravel\framework\src\Illuminate\Database\Query\Processors\Processor.php:32
C:\xampp\htdocs\mercatodo\vendor\laravel\framework\src\Illuminate\Database\Query\Builder.php:3028
C:\xampp\htdocs\mercatodo\vendor\laravel\framework\src\Illuminate\Database\Eloquent\Builder.php:1657
C:\xampp\htdocs\mercatodo\vendor\laravel\framework\src\Illuminate\Database\Eloquent\Model.php:1188
C:\xampp\htdocs\mercatodo\vendor\laravel\framework\src\Illuminate\Database\Eloquent\Model.php:1153
C:\xampp\htdocs\mercatodo\vendor\laravel\framework\src\Illuminate\Database\Eloquent\Model.php:994
C:\xampp\htdocs\mercatodo\vendor\laravel\framework\src\Illuminate\Database\Eloquent\Factories\Factory.php:314
C:\xampp\htdocs\mercatodo\vendor\laravel\framework\src\Illuminate\Collections\Traits\EnumeratesValues.php:244
C:\xampp\htdocs\mercatodo\vendor\laravel\framework\src\Illuminate\Database\Eloquent\Factories\Factory.php:317
C:\xampp\htdocs\mercatodo\vendor\laravel\framework\src\Illuminate\Database\Eloquent\Factories\Factory.php:261
C:\xampp\htdocs\mercatodo\tests\Feature\Admin\Products\UpdateProductTest.php:48</error>
        </testcase>
      </testsuite>
      <testsuite name="Tests\Feature\Auth\AuthenticationTest" file="C:\xampp\htdocs\mercatodo\tests\Feature\Auth\AuthenticationTest.php" tests="3" assertions="5" errors="0" warnings="0" failures="0" skipped="0" time="0.256305">
        <testcase name="test_login_screen_can_be_rendered" class="Tests\Feature\Auth\AuthenticationTest" classname="Tests.Feature.Auth.AuthenticationTest" file="C:\xampp\htdocs\mercatodo\tests\Feature\Auth\AuthenticationTest.php" line="14" assertions="1" time="0.045473"/>
        <testcase name="test_users_can_authenticate_using_the_login_screen" class="Tests\Feature\Auth\AuthenticationTest" classname="Tests.Feature.Auth.AuthenticationTest" file="C:\xampp\htdocs\mercatodo\tests\Feature\Auth\AuthenticationTest.php" line="21" assertions="3" time="0.106934"/>
        <testcase name="test_users_can_not_authenticate_with_invalid_password" class="Tests\Feature\Auth\AuthenticationTest" classname="Tests.Feature.Auth.AuthenticationTest" file="C:\xampp\htdocs\mercatodo\tests\Feature\Auth\AuthenticationTest.php" line="34" assertions="1" time="0.103898"/>
      </testsuite>
      <testsuite name="Tests\Feature\Auth\EmailVerificationTest" file="C:\xampp\htdocs\mercatodo\tests\Feature\Auth\EmailVerificationTest.php" tests="3" assertions="6" errors="0" warnings="0" failures="0" skipped="0" time="0.167867">
        <testcase name="test_email_verification_screen_can_be_rendered" class="Tests\Feature\Auth\EmailVerificationTest" classname="Tests.Feature.Auth.EmailVerificationTest" file="C:\xampp\htdocs\mercatodo\tests\Feature\Auth\EmailVerificationTest.php" line="17" assertions="1" time="0.058489"/>
        <testcase name="test_email_can_be_verified" class="Tests\Feature\Auth\EmailVerificationTest" classname="Tests.Feature.Auth.EmailVerificationTest" file="C:\xampp\htdocs\mercatodo\tests\Feature\Auth\EmailVerificationTest.php" line="28" assertions="4" time="0.053922"/>
        <testcase name="test_email_is_not_verified_with_invalid_hash" class="Tests\Feature\Auth\EmailVerificationTest" classname="Tests.Feature.Auth.EmailVerificationTest" file="C:\xampp\htdocs\mercatodo\tests\Feature\Auth\EmailVerificationTest.php" line="49" assertions="1" time="0.055455"/>
      </testsuite>
      <testsuite name="Tests\Feature\Auth\PasswordConfirmationTest" file="C:\xampp\htdocs\mercatodo\tests\Feature\Auth\PasswordConfirmationTest.php" tests="3" assertions="4" errors="0" warnings="0" failures="0" skipped="0" time="0.285618">
        <testcase name="test_confirm_password_screen_can_be_rendered" class="Tests\Feature\Auth\PasswordConfirmationTest" classname="Tests.Feature.Auth.PasswordConfirmationTest" file="C:\xampp\htdocs\mercatodo\tests\Feature\Auth\PasswordConfirmationTest.php" line="13" assertions="1" time="0.087300"/>
        <testcase name="test_password_can_be_confirmed" class="Tests\Feature\Auth\PasswordConfirmationTest" classname="Tests.Feature.Auth.PasswordConfirmationTest" file="C:\xampp\htdocs\mercatodo\tests\Feature\Auth\PasswordConfirmationTest.php" line="22" assertions="2" time="0.098590"/>
        <testcase name="test_password_is_not_confirmed_with_invalid_password" class="Tests\Feature\Auth\PasswordConfirmationTest" classname="Tests.Feature.Auth.PasswordConfirmationTest" file="C:\xampp\htdocs\mercatodo\tests\Feature\Auth\PasswordConfirmationTest.php" line="34" assertions="1" time="0.099728"/>
      </testsuite>
      <testsuite name="Tests\Feature\Auth\PasswordResetTest" file="C:\xampp\htdocs\mercatodo\tests\Feature\Auth\PasswordResetTest.php" tests="4" assertions="6" errors="0" warnings="0" failures="0" skipped="0" time="0.240231">
        <testcase name="test_reset_password_link_screen_can_be_rendered" class="Tests\Feature\Auth\PasswordResetTest" classname="Tests.Feature.Auth.PasswordResetTest" file="C:\xampp\htdocs\mercatodo\tests\Feature\Auth\PasswordResetTest.php" line="15" assertions="1" time="0.043427"/>
        <testcase name="test_reset_password_link_can_be_requested" class="Tests\Feature\Auth\PasswordResetTest" classname="Tests.Feature.Auth.PasswordResetTest" file="C:\xampp\htdocs\mercatodo\tests\Feature\Auth\PasswordResetTest.php" line="22" assertions="1" time="0.066001"/>
        <testcase name="test_reset_password_screen_can_be_rendered" class="Tests\Feature\Auth\PasswordResetTest" classname="Tests.Feature.Auth.PasswordResetTest" file="C:\xampp\htdocs\mercatodo\tests\Feature\Auth\PasswordResetTest.php" line="33" assertions="2" time="0.059748"/>
        <testcase name="test_password_can_be_reset_with_valid_token" class="Tests\Feature\Auth\PasswordResetTest" classname="Tests.Feature.Auth.PasswordResetTest" file="C:\xampp\htdocs\mercatodo\tests\Feature\Auth\PasswordResetTest.php" line="50" assertions="2" time="0.071056"/>
      </testsuite>
      <testsuite name="Tests\Feature\Auth\RegistrationTest" file="C:\xampp\htdocs\mercatodo\tests\Feature\Auth\RegistrationTest.php" tests="2" assertions="4" errors="0" warnings="0" failures="0" skipped="0" time="0.177158">
        <testcase name="test_registration_screen_can_be_rendered" class="Tests\Feature\Auth\RegistrationTest" classname="Tests.Feature.Auth.RegistrationTest" file="C:\xampp\htdocs\mercatodo\tests\Feature\Auth\RegistrationTest.php" line="13" assertions="1" time="0.045625"/>
        <testcase name="test_new_users_can_register" class="Tests\Feature\Auth\RegistrationTest" classname="Tests.Feature.Auth.RegistrationTest" file="C:\xampp\htdocs\mercatodo\tests\Feature\Auth\RegistrationTest.php" line="20" assertions="3" time="0.131533"/>
      </testsuite>
      <testsuite name="Tests\Feature\ExampleTest" file="C:\xampp\htdocs\mercatodo\tests\Feature\ExampleTest.php" tests="1" assertions="1" errors="0" warnings="0" failures="0" skipped="0" time="0.037455">
        <testcase name="test_example" class="Tests\Feature\ExampleTest" classname="Tests.Feature.ExampleTest" file="C:\xampp\htdocs\mercatodo\tests\Feature\ExampleTest.php" line="15" assertions="1" time="0.037455"/>
      </testsuite>
      <testsuite name="Roles\CreateRoleTest" file="C:\xampp\htdocs\mercatodo\tests\Feature\Roles\CreateRoleTest.php" tests="2" assertions="2" errors="0" warnings="0" failures="0" skipped="0" time="0.339371">
        <testcase name="test_it_can_access_to_the_creation_users_route" class="Roles\CreateRoleTest" classname="Roles.CreateRoleTest" file="C:\xampp\htdocs\mercatodo\tests\Feature\Roles\CreateRoleTest.php" line="19" assertions="1" time="0.175637"/>
        <testcase name="test_it_user_doesnt_permissions_cant_list_users" class="Roles\CreateRoleTest" classname="Roles.CreateRoleTest" file="C:\xampp\htdocs\mercatodo\tests\Feature\Roles\CreateRoleTest.php" line="26" assertions="1" time="0.163734"/>
      </testsuite>
      <testsuite name="Roles\DeleteRoleTest" file="C:\xampp\htdocs\mercatodo\tests\Feature\Roles\DeleteRoleTest.php" tests="1" assertions="1" errors="0" warnings="0" failures="0" skipped="0" time="0.176456">
        <testcase name="test_it_can_delete_roles" class="Roles\DeleteRoleTest" classname="Roles.DeleteRoleTest" file="C:\xampp\htdocs\mercatodo\tests\Feature\Roles\DeleteRoleTest.php" line="19" assertions="1" time="0.176456"/>
      </testsuite>
      <testsuite name="Roles\EditRoleTest" file="C:\xampp\htdocs\mercatodo\tests\Feature\Roles\EditRoleTest.php" tests="1" assertions="3" errors="0" warnings="0" failures="0" skipped="0" time="0.198080">
        <testcase name="test_it_can_edit_roles" class="Roles\EditRoleTest" classname="Roles.EditRoleTest" file="C:\xampp\htdocs\mercatodo\tests\Feature\Roles\EditRoleTest.php" line="19" assertions="3" time="0.198080"/>
      </testsuite>
      <testsuite name="Tests\Feature\Admin\Roles\IndexRoleTest" file="C:\xampp\htdocs\mercatodo\tests\Feature\Roles\IndexRoleTest.php" tests="2" assertions="4" errors="0" warnings="0" failures="0" skipped="0" time="0.343801">
        <testcase name="test_it_can_list_roles" class="Tests\Feature\Admin\Roles\IndexRoleTest" classname="Tests.Feature.Admin.Roles.IndexRoleTest" file="C:\xampp\htdocs\mercatodo\tests\Feature\Roles\IndexRoleTest.php" line="19" assertions="3" time="0.183055"/>
        <testcase name="test_it_user_doesnt_permissions_cant_list_users" class="Tests\Feature\Admin\Roles\IndexRoleTest" classname="Tests.Feature.Admin.Roles.IndexRoleTest" file="C:\xampp\htdocs\mercatodo\tests\Feature\Roles\IndexRoleTest.php" line="28" assertions="1" time="0.160746"/>
      </testsuite>
      <testsuite name="Tests\Feature\Admin\Roles\StoreRoleTest" file="C:\xampp\htdocs\mercatodo\tests\Feature\Roles\StoreRoleTest.php" tests="1" assertions="2" errors="0" warnings="0" failures="0" skipped="0" time="0.194105">
        <testcase name="test_it_can_stores_a_new_role" class="Tests\Feature\Admin\Roles\StoreRoleTest" classname="Tests.Feature.Admin.Roles.StoreRoleTest" file="C:\xampp\htdocs\mercatodo\tests\Feature\Roles\StoreRoleTest.php" line="20" assertions="2" time="0.194105"/>
      </testsuite>
      <testsuite name="Tests\Feature\Admin\Roles\UpdateRoleTest" file="C:\xampp\htdocs\mercatodo\tests\Feature\Roles\UpdateRoleTest.php" tests="1" assertions="2" errors="0" warnings="0" failures="0" skipped="0" time="0.182665">
        <testcase name="test_it_can_update_a_user" class="Tests\Feature\Admin\Roles\UpdateRoleTest" classname="Tests.Feature.Admin.Roles.UpdateRoleTest" file="C:\xampp\htdocs\mercatodo\tests\Feature\Roles\UpdateRoleTest.php" line="22" assertions="2" time="0.182665"/>
      </testsuite>
      <testsuite name="Tests\Feature\Admin\Users\CreateUserTest" file="C:\xampp\htdocs\mercatodo\tests\Feature\Users\CreateUserTest.php" tests="2" assertions="3" errors="0" warnings="0" failures="1" skipped="0" time="0.386138">
        <testcase name="test_it_can_access_to_the_creation_users_route" class="Tests\Feature\Admin\Users\CreateUserTest" classname="Tests.Feature.Admin.Users.CreateUserTest" file="C:\xampp\htdocs\mercatodo\tests\Feature\Users\CreateUserTest.php" line="19" assertions="1" time="0.200267"/>
        <testcase name="test_it_displays_a_user_creation_form" class="Tests\Feature\Admin\Users\CreateUserTest" classname="Tests.Feature.Admin.Users.CreateUserTest" file="C:\xampp\htdocs\mercatodo\tests\Feature\Users\CreateUserTest.php" line="26" assertions="2" time="0.185871">
          <failure type="PHPUnit\Framework\ExpectationFailedException">Tests\Feature\Admin\Users\CreateUserTest::test_it_displays_a_user_creation_form
Failed asserting that '&lt;!DOCTYPE html&gt;\r\n
&lt;html lang="es"&gt;\r\n
    &lt;head&gt;\r\n
        &lt;meta charset="utf-8"&gt;\r\n
        &lt;meta name="viewport" content="width=device-width, initial-scale=1"&gt;\r\n
        &lt;meta name="csrf-token" content="nLnR3tlUk1GQpH1UFPCxwUnpe8oFuVeUpT2pfAtP"&gt;\r\n
\r\n
        &lt;title&gt;Laravel&lt;/title&gt;\r\n
\r\n
        &lt;!-- Fonts --&gt;\r\n
        &lt;link rel="stylesheet" href="https://fonts.googleapis.com/css2?family=Nunito:wght@400;600;700&amp;display=swap"&gt;\r\n
\r\n
        &lt;!-- Styles --&gt;\r\n
        &lt;link rel="stylesheet" href="http://localhost/css/app.css"&gt;\r\n
\r\n
        &lt;!-- Scripts --&gt;\r\n
        &lt;script src="http://localhost/js/app.js" defer&gt;&lt;/script&gt;\r\n
    &lt;/head&gt;\r\n
    &lt;body class="font-sans antialiased"&gt;\r\n
        &lt;div class="min-h-screen bg-gray-100"&gt;\r\n
            &lt;nav x-data="{ open: false }" class="bg-white border-b border-gray-100"&gt;\n
    &lt;!-- Primary Navigation Menu --&gt;\n
    &lt;div class="max-w-7xl mx-auto px-4 sm:px-6 lg:px-8"&gt;\n
        &lt;div class="flex justify-between h-16"&gt;\n
            &lt;div class="flex"&gt;\n
                &lt;!-- Logo --&gt;\n
                &lt;div class="shrink-0 flex items-center"&gt;\n
                    &lt;a href="http://localhost/dashboard"&gt;\n
                        &lt;h1&gt;Mercatodo&lt;/h1&gt;\n
                    &lt;/a&gt;\n
                &lt;/div&gt;\n
\n
                &lt;!-- Navigation Links --&gt;\n
                &lt;div class="hidden space-x-8 sm:-my-px sm:ml-10 sm:flex"&gt;\n
                    &lt;a class="inline-flex items-center px-1 pt-1 border-b-2 border-transparent text-sm font-medium leading-5 text-gray-500 hover:text-gray-700 hover:border-gray-300 focus:outline-none focus:text-gray-700 focus:border-gray-300 transition duration-150 ease-in-out" href="http://localhost/clients"&gt;\r\n
    catlogo\r\n
&lt;/a&gt;\r\n
                &lt;/div&gt;\n
                &lt;div class="hidden space-x-8 sm:-my-px sm:ml-10 sm:flex"&gt;\n
                    &lt;a class="inline-flex items-center px-1 pt-1 border-b-2 border-transparent text-sm font-medium leading-5 text-gray-500 hover:text-gray-700 hover:border-gray-300 focus:outline-none focus:text-gray-700 focus:border-gray-300 transition duration-150 ease-in-out" href="http://localhost/shoppingCar"&gt;\r\n
    Carrito\r\n
&lt;/a&gt;\r\n
                &lt;/div&gt;\n
                                                            &lt;/div&gt;\n
\n
            &lt;!-- Settings Dropdown --&gt;\n
            &lt;div class="hidden sm:flex sm:items-center sm:ml-6"&gt;\n
                &lt;div class="relative" x-data="{ open: false }" @click.outside="open = false" @close.stop="open = false"&gt;\r\n
    &lt;div @click="open = ! open"&gt;\r\n
        &lt;button class="flex items-center text-sm font-medium text-gray-500 hover:text-gray-700 hover:border-gray-300 focus:outline-none focus:text-gray-700 focus:border-gray-300 transition duration-150 ease-in-out"&gt;\n
                            &lt;div&gt;Annabell Williamson III&lt;/div&gt;\n
\n
                            &lt;div class="ml-1"&gt;\n
                                &lt;svg class="fill-current h-4 w-4" xmlns="http://www.w3.org/2000/svg" viewBox="0 0 20 20"&gt;\n
                                    &lt;path fill-rule="evenodd" d="M5.293 7.293a1 1 0 011.414 0L10 10.586l3.293-3.293a1 1 0 111.414 1.414l-4 4a1 1 0 01-1.414 0l-4-4a1 1 0 010-1.414z" clip-rule="evenodd" /&gt;\n
                                &lt;/svg&gt;\n
                            &lt;/div&gt;\n
                        &lt;/button&gt;\r\n
    &lt;/div&gt;\r\n
\r\n
    &lt;div x-show="open"\r\n
            x-transition:enter="transition ease-out duration-200"\r\n
            x-transition:enter-start="transform opacity-0 scale-95"\r\n
            x-transition:enter-end="transform opacity-100 scale-100"\r\n
            x-transition:leave="transition ease-in duration-75"\r\n
            x-transition:leave-start="transform opacity-100 scale-100"\r\n
            x-transition:leave-end="transform opacity-0 scale-95"\r\n
            class="absolute z-50 mt-2 w-48 rounded-md shadow-lg origin-top-right right-0"\r\n
            style="display: none;"\r\n
            @click="open = false"&gt;\r\n
        &lt;div class="rounded-md ring-1 ring-black ring-opacity-5 py-1 bg-white"&gt;\r\n
            &lt;!-- Authentication --&gt;\n
                        &lt;form method="POST" action="http://localhost/logout"&gt;\n
                            &lt;input type="hidden" name="_token" value="nLnR3tlUk1GQpH1UFPCxwUnpe8oFuVeUpT2pfAtP"&gt;\n
                            &lt;a class="block px-4 py-2 text-sm leading-5 text-gray-700 hover:bg-gray-100 focus:outline-none focus:bg-gray-100 transition duration-150 ease-in-out" href="http://localhost/logout" onclick="event.preventDefault();\n
                                                this.closest('form').submit();"&gt;Log Out&lt;/a&gt;\r\n
                        &lt;/form&gt;\r\n
        &lt;/div&gt;\r\n
    &lt;/div&gt;\r\n
&lt;/div&gt;\r\n
            &lt;/div&gt;\n
\n
            &lt;!-- Hamburger --&gt;\n
            &lt;div class="-mr-2 flex items-center sm:hidden"&gt;\n
                &lt;button @click="open = ! open" class="inline-flex items-center justify-center p-2 rounded-md text-gray-400 hover:text-gray-500 hover:bg-gray-100 focus:outline-none focus:bg-gray-100 focus:text-gray-500 transition duration-150 ease-in-out"&gt;\n
                    &lt;svg class="h-6 w-6" stroke="currentColor" fill="none" viewBox="0 0 24 24"&gt;\n
                        &lt;path :class="{'hidden': open, 'inline-flex': ! open }" class="inline-flex" stroke-linecap="round" stroke-linejoin="round" stroke-width="2" d="M4 6h16M4 12h16M4 18h16" /&gt;\n
                        &lt;path :class="{'hidden': ! open, 'inline-flex': open }" class="hidden" stroke-linecap="round" stroke-linejoin="round" stroke-width="2" d="M6 18L18 6M6 6l12 12" /&gt;\n
                    &lt;/svg&gt;\n
                &lt;/button&gt;\n
            &lt;/div&gt;\n
        &lt;/div&gt;\n
    &lt;/div&gt;\n
\n
    &lt;!-- Responsive Navigation Menu --&gt;\n
    &lt;div :class="{'block': open, 'hidden': ! open}" class="hidden sm:hidden"&gt;\n
        &lt;div class="pt-2 pb-3 space-y-1"&gt;\n
            &lt;a class="block pl-3 pr-4 py-2 border-l-4 border-transparent text-base font-medium text-gray-600 hover:text-gray-800 hover:bg-gray-50 hover:border-gray-300 focus:outline-none focus:text-gray-800 focus:bg-gray-50 focus:border-gray-300 transition duration-150 ease-in-out" href="http://localhost/dashboard"&gt;\r\n
    Escritorio\r\n
&lt;/a&gt;\r\n
        &lt;/div&gt;\n
\n
        &lt;!-- Responsive Settings Options --&gt;\n
        &lt;div class="pt-4 pb-1 border-t border-gray-200"&gt;\n
            &lt;div class="px-4"&gt;\n
                &lt;div class="font-medium text-base text-gray-800"&gt;Annabell Williamson III&lt;/div&gt;\n
                &lt;div class="font-medium text-sm text-gray-500"&gt;keeling.mariana@example.net&lt;/div&gt;\n
            &lt;/div&gt;\n
\n
            &lt;div class="mt-3 space-y-1"&gt;\n
                &lt;!-- Authentication --&gt;\n
                &lt;form method="POST" action="http://localhost/logout"&gt;\n
                    &lt;input type="hidden" name="_token" value="nLnR3tlUk1GQpH1UFPCxwUnpe8oFuVeUpT2pfAtP"&gt;\n
                    &lt;a class="block pl-3 pr-4 py-2 border-l-4 border-transparent text-base font-medium text-gray-600 hover:text-gray-800 hover:bg-gray-50 hover:border-gray-300 focus:outline-none focus:text-gray-800 focus:bg-gray-50 focus:border-gray-300 transition duration-150 ease-in-out" href="http://localhost/logout" onclick="event.preventDefault();\n
                                        this.closest('form').submit();"&gt;\r\n
    Log Out\r\n
&lt;/a&gt;\r\n
                &lt;/form&gt;\n
            &lt;/div&gt;\n
        &lt;/div&gt;\n
    &lt;/div&gt;\n
&lt;/nav&gt;\n
\r\n
            &lt;!-- Page Heading --&gt;\r\n
            &lt;header class="bg-white shadow"&gt;\r\n
                &lt;div class="max-w-7xl mx-auto py-6 px-4 sm:px-6 lg:px-8"&gt;\r\n
                    &lt;h2 class="font-semibold text-center text-xl text-gray-800 leading-tight"&gt;\n
            Alta de usuarios\n
        &lt;/h2&gt;\r\n
                &lt;/div&gt;\r\n
            &lt;/header&gt;\r\n
\r\n
            &lt;!-- Page Content --&gt;\r\n
            &lt;main&gt;\r\n
                &lt;div class="py-12"&gt;\n
        &lt;div class="max-w-7xl mx-auto sm:px-6 lg:px-8"&gt;\n
                &lt;div class="bg-white overflow-hidden shadow-sm sm:rounded-lg"&gt;\n
                &lt;div class="p-6 bg-white border-b border-gray-200 "&gt;\n
                    &lt;div&gt;\n
                    \n
                    &lt;form method="POST" action="http://localhost/usuarios" accept-charset="UTF-8"&gt;&lt;input name="_token" type="hidden" value="nLnR3tlUk1GQpH1UFPCxwUnpe8oFuVeUpT2pfAtP"&gt;\n
                    &lt;div class="grid grid-cols-1 md:grid-cols1 gap-5 md:gap-8 mt-5 mx-7"&gt;\n
                        &lt;div class="grid grid-cols-1"&gt;\n
                            &lt;label class="uppercase md:text-sm text-xs text-gray-500 text-light font-semibold"&gt;Nombre:&lt;/label&gt;\n
                            &lt;input name="name" class="py-2 px-3 rounded-lg border-2 border-purple-300 mt-1 focus:outline-none focus:ring-2 focus:ring-purple-600 focus:border-transparent" type="text" required/&gt;\n
                        &lt;/div&gt;\n
                        &lt;div class="grid grid-cols-1"&gt;\n
                            &lt;label class="uppercase md:text-sm text-xs text-gray-500 text-light font-semibold"&gt;email:&lt;/label&gt;\n
                            &lt;input name="email" class="py-2 px-3 rounded-lg border-2 border-purple-300 mt-1 focus:outline-none focus:ring-2 focus:ring-purple-600 focus:border-transparent" type="text" required/&gt;\n
                        &lt;/div&gt;\n
                        &lt;div class="grid grid-cols-1"&gt;\n
                            &lt;label class="uppercase md:text-sm text-xs text-gray-500 text-light font-semibold"&gt;Password:&lt;/label&gt;\n
                            &lt;input name="password" class="py-2 px-3 rounded-lg border-2 border-purple-300 mt-1 focus:outline-none focus:ring-2 focus:ring-purple-600 focus:border-transparent" type="password" required/&gt;\n
                        &lt;/div&gt;\n
                        &lt;div class="grid grid-cols-1"&gt;\n
                            &lt;label class="uppercase md:text-sm text-xs text-gray-500 text-light font-semibold"&gt;confirm password:&lt;/label&gt;\n
                            &lt;input name="confirm-password" class="py-2 px-3 rounded-lg border-2 border-purple-300 mt-1 focus:outline-none focus:ring-2 focus:ring-purple-600 focus:border-transparent" type="password" required/&gt;\n
                        &lt;/div&gt;\n
                        &lt;div&gt;\n
                            &lt;div class="form-group"&gt;\n
                                &lt;label&gt;Roles&lt;/label&gt;\n
                                &lt;select class="form-control" name="roles[]"&gt;&lt;/select&gt;\n
                            &lt;/div&gt;\n
                        &lt;/div&gt;\n
                        &lt;div class="col-xs-12 col-sm-12 col-md-12"&gt;\n
                            &lt;button class="border-2 border-purple-500 text-black px-4 py-2 rounded-md text-1xl font-medium hover:bg-purple-500 transition duration-300" type="submit" class="btn btn-primary"&gt;Guardar&lt;/button&gt;\n
                        &lt;/div&gt;\n
                    &lt;/div&gt;\n
                    &lt;/div&gt;\n
                    &lt;/form&gt;\n
                &lt;/div&gt;\n
            &lt;/div&gt;\n
        &lt;/div&gt;\n
    &lt;/div&gt;\r\n
            &lt;/main&gt;\r\n
        &lt;/div&gt;\r\n
    &lt;/body&gt;\r\n
&lt;/html&gt;\r\n
' contains "Correo electronico".

C:\xampp\htdocs\mercatodo\vendor\laravel\framework\src\Illuminate\Testing\TestResponse.php:581
C:\xampp\htdocs\mercatodo\tests\Feature\Users\CreateUserTest.php:34</failure>
        </testcase>
      </testsuite>
      <testsuite name="Tests\Feature\Admin\Users\DeleteUserTest" file="C:\xampp\htdocs\mercatodo\tests\Feature\Users\DeleteUserTest.php" tests="1" assertions="1" errors="0" warnings="0" failures="0" skipped="0" time="0.159723">
        <testcase name="test_it_can_delete_users" class="Tests\Feature\Admin\Users\DeleteUserTest" classname="Tests.Feature.Admin.Users.DeleteUserTest" file="C:\xampp\htdocs\mercatodo\tests\Feature\Users\DeleteUserTest.php" line="18" assertions="1" time="0.159723"/>
      </testsuite>
      <testsuite name="Tests\Feature\Admin\Users\EditUserTest" file="C:\xampp\htdocs\mercatodo\tests\Feature\Users\EditUserTest.php" tests="1" assertions="3" errors="0" warnings="0" failures="0" skipped="0" time="0.174526">
        <testcase name="test_it_can_edit_users" class="Tests\Feature\Admin\Users\EditUserTest" classname="Tests.Feature.Admin.Users.EditUserTest" file="C:\xampp\htdocs\mercatodo\tests\Feature\Users\EditUserTest.php" line="18" assertions="3" time="0.174526"/>
      </testsuite>
      <testsuite name="Tests\Feature\Admin\Users\IndexUserTest" file="C:\xampp\htdocs\mercatodo\tests\Feature\Users\IndexUserTest.php" tests="2" assertions="4" errors="0" warnings="0" failures="0" skipped="0" time="0.336558">
        <testcase name="test_it_can_list_users" class="Tests\Feature\Admin\Users\IndexUserTest" classname="Tests.Feature.Admin.Users.IndexUserTest" file="C:\xampp\htdocs\mercatodo\tests\Feature\Users\IndexUserTest.php" line="20" assertions="3" time="0.174352"/>
        <testcase name="test_it_user_doesnt_permissions_cant_list_users" class="Tests\Feature\Admin\Users\IndexUserTest" classname="Tests.Feature.Admin.Users.IndexUserTest" file="C:\xampp\htdocs\mercatodo\tests\Feature\Users\IndexUserTest.php" line="29" assertions="1" time="0.162206"/>
      </testsuite>
      <testsuite name="Tests\Feature\Admin\Users\StoreUserTest" file="C:\xampp\htdocs\mercatodo\tests\Feature\Users\StoreUserTest.php" tests="1" assertions="2" errors="0" warnings="0" failures="0" skipped="0" time="0.163518">
        <testcase name="test_it_can_stores_a_new_user" class="Tests\Feature\Admin\Users\StoreUserTest" classname="Tests.Feature.Admin.Users.StoreUserTest" file="C:\xampp\htdocs\mercatodo\tests\Feature\Users\StoreUserTest.php" line="23" assertions="2" time="0.163518"/>
      </testsuite>
      <testsuite name="Tests\Feature\Admin\Users\UpdateUserTest" file="C:\xampp\htdocs\mercatodo\tests\Feature\Users\UpdateUserTest.php" tests="2" assertions="4" errors="0" warnings="0" failures="1" skipped="0" time="0.334812">
        <testcase name="test_it_can_update_a_user" class="Tests\Feature\Admin\Users\UpdateUserTest" classname="Tests.Feature.Admin.Users.UpdateUserTest" file="C:\xampp\htdocs\mercatodo\tests\Feature\Users\UpdateUserTest.php" line="20" assertions="2" time="0.170650">
          <failure type="PHPUnit\Framework\ExpectationFailedException">Tests\Feature\Admin\Users\UpdateUserTest::test_it_can_update_a_user
Failed asserting that two strings are equal.
--- Expected
+++ Actual
@@ @@
-'anderson'
+'Elias Herzog'

C:\xampp\htdocs\mercatodo\tests\Feature\Users\UpdateUserTest.php:32</failure>
        </testcase>
        <testcase name="test_it_can_update_a_user_with_password" class="Tests\Feature\Admin\Users\UpdateUserTest" classname="Tests.Feature.Admin.Users.UpdateUserTest" file="C:\xampp\htdocs\mercatodo\tests\Feature\Users\UpdateUserTest.php" line="35" assertions="2" time="0.164162"/>
      </testsuite>
    </testsuite>
  </testsuite>
</testsuites>
